<?xml version="1.0" encoding="utf-8"?><testsuites name="pytest tests"><testsuite name="pytest" errors="0" failures="0" skipped="0" tests="15" time="4.343" timestamp="2026-09-17T10:41:19.014929+00:00" hostname="agent-env-85f347c4-fa88-4cd9-8711-efe3d1933bd9"><testcase classname="tests.test_categories_and_suppliers.TestCategoriesPublic" name="test_public_list_returns_seeded" time="0.448" /><testcase classname="tests.test_categories_and_suppliers.TestCategoriesPublic" name="test_config_includes_categories" time="0.154" /><testcase classname="tests.test_categories_and_suppliers.TestAdminCategoriesCRUD" name="test_admin_list_with_product_count" time="0.522" /><testcase classname="tests.test_categories_and_suppliers.TestAdminCategoriesCRUD" name="test_create_category" time="0.072" /><testcase classname="tests.test_categories_and_suppliers.TestAdminCategoriesCRUD" name="test_duplicate_name_case_insensitive_returns_400" time="0.068" /><testcase classname="tests.test_categories_and_suppliers.TestAdminCategoriesCRUD" name="test_rename_category_propagates_to_products" time="0.516" /><testcase classname="tests.test_categories_and_suppliers.TestSuppliers" name="test_create_update_delete" time="0.669" /><testcase classname="tests.test_categories_and_suppliers.TestAdminCategoriesCRUD" name="test_archive_hides_from_public_and_products" time="0.996" /><testcase classname="tests.test_categories_and_suppliers.TestSuppliers" name="test_create_supplier_empty_name_400" time="0.070" /><testcase classname="tests.test_categories_and_suppliers.TestAdminCategoriesCRUD" name="test_create_product_with_archived_category_400" time="0.138" /><testcase classname="tests.test_categories_and_suppliers.TestAdminCategoriesCRUD" name="test_create_product_with_invalid_category_400" time="0.069" /><testcase classname="tests.test_categories_and_suppliers.TestAdminCategoriesCRUD" name="test_reorder_categories" time="0.287" /><testcase classname="tests.test_categories_and_suppliers.TestAdminCategoriesCRUD" name="test_delete_category_with_products_400" time="0.585" /><testcase classname="tests.test_categories_and_suppliers.TestAdminCategoriesCRUD" name="test_delete_empty_archived_category_ok" time="0.206" /><testcase classname="tests.test_categories_and_suppliers.TestAdminCategoriesCRUD" name="test_zzz_cleanup" time="0.559" /></testsuite></testsuites>