<?xml version="1.0" encoding="utf-8"?><testsuites name="pytest tests"><testsuite name="pytest" errors="0" failures="0" skipped="0" tests="4" time="1.254" timestamp="2026-09-17T09:26:03.826280+00:00" hostname="agent-env-f7630fc3-f47c-41ef-907d-0099f6cf13d5"><testcase classname="tests.test_product_detail_public" name="test_list_products_priceless" time="0.222" /><testcase classname="tests.test_product_detail_public" name="test_get_product_by_id_priceless" time="0.112" /><testcase classname="tests.test_product_detail_public" name="test_get_product_invalid_id_returns_404" time="0.166" /><testcase classname="tests.test_product_detail_public" name="test_get_product_bad_id_format" time="0.168" /></testsuite></testsuites>