<?xml version="1.0" encoding="utf-8"?><testsuites name="pytest tests"><testsuite name="pytest" errors="0" failures="0" skipped="0" tests="16" time="2.829" timestamp="2026-09-12T07:03:56.131959+00:00" hostname="agent-env-57abd8bd-ddb1-44f9-b13f-1934811a1963"><testcase classname="tests.backend_test.TestAuth" name="test_login_wrong_password" time="0.728" /><testcase classname="tests.backend_test.TestAdminCRUD" name="test_create_invalid_category" time="0.725" /><testcase classname="tests.backend_test.TestAdminCRUD" name="test_create_product" time="0.725" /><testcase classname="tests.backend_test.TestAuth" name="test_login_sets_cookies" time="0.299" /><testcase classname="tests.backend_test.TestAuth" name="test_me_without_token" time="0.127" /><testcase classname="tests.backend_test.TestAuth" name="test_me_with_token" time="0.407" /><testcase classname="tests.backend_test.TestAdminCRUD" name="test_update_product" time="0.193" /><testcase classname="tests.backend_test.TestPublic" name="test_config" time="0.071" /><testcase classname="tests.backend_test.TestPublic" name="test_products_no_price" time="0.068" /><testcase classname="tests.backend_test.TestAdminCRUD" name="test_delete_product" time="0.250" /><testcase classname="tests.backend_test.TestPublic" name="test_products_filter_by_category" time="0.105" /><testcase classname="tests.backend_test.TestAdminProtection" name="test_admin_products_unauth" time="0.118" /><testcase classname="tests.backend_test.TestAdminCRUD" name="test_update_nonexistent" time="0.151" /><testcase classname="tests.backend_test.TestAdminProtection" name="test_admin_stats_unauth" time="0.120" /><testcase classname="tests.backend_test.TestAdminData" name="test_admin_products_has_price" time="0.137" /><testcase classname="tests.backend_test.TestAdminData" name="test_admin_stats" time="0.120" /></testsuite></testsuites>