<?xml version="1.0" encoding="utf-8"?><testsuites name="pytest tests"><testsuite name="pytest" errors="0" failures="1" skipped="0" tests="16" time="2.948" timestamp="2026-09-12T13:20:53.115308+00:00" hostname="agent-env-57abd8bd-ddb1-44f9-b13f-1934811a1963"><testcase classname="tests.backend_test.TestAuth" name="test_login_wrong_password" time="0.461" /><testcase classname="tests.backend_test.TestAuth" name="test_login_sets_cookies" time="0.486" /><testcase classname="tests.backend_test.TestAdminCRUD" name="test_create_invalid_category" time="0.958" /><testcase classname="tests.backend_test.TestAuth" name="test_me_without_token" time="0.129" /><testcase classname="tests.backend_test.TestAdminCRUD" name="test_create_product" time="0.561" /><testcase classname="tests.backend_test.TestAuth" name="test_me_with_token" time="0.484" /><testcase classname="tests.backend_test.TestAdminCRUD" name="test_update_product" time="0.132" /><testcase classname="tests.backend_test.TestPublic" name="test_config" time="0.073"><failure message="AssertionError: assert ['Sepeda List...bil Aki', ...] == ['Sepeda Gunu...peda Listrik']&#10;  &#10;  At index 0 diff: 'Sepeda Listrik' != 'Sepeda Gunung'&#10;  Left contains 3 more items, first extra item: 'Motor / Mobil Aki'&#10;  &#10;  Full diff:&#10;    [&#10;  +     'Sepeda Listrik',...&#10;  &#10;  ...Full output truncated (9 lines hidden), use '-vv' to show">backend/tests/backend_test.py:46: in test_config
    assert data["categories"] == CATEGORIES
E   AssertionError: assert ['Sepeda List...bil Aki', ...] == ['Sepeda Gunu...peda Listrik']
E     
E     At index 0 diff: 'Sepeda Listrik' != 'Sepeda Gunung'
E     Left contains 3 more items, first extra item: 'Motor / Mobil Aki'
E     
E     Full diff:
E       [
E     +     'Sepeda Listrik',...
E     
E     ...Full output truncated (9 lines hidden), use '-vv' to show</failure></testcase><testcase classname="tests.backend_test.TestAdminCRUD" name="test_delete_product" time="0.325" /><testcase classname="tests.backend_test.TestPublic" name="test_products_no_price" time="0.121" /><testcase classname="tests.backend_test.TestPublic" name="test_products_filter_by_category" time="0.073" /><testcase classname="tests.backend_test.TestAdminData" name="test_admin_products_has_price" time="0.123" /><testcase classname="tests.backend_test.TestAdminData" name="test_admin_stats" time="0.140" /><testcase classname="tests.backend_test.TestAdminCRUD" name="test_update_nonexistent" time="0.196" /><testcase classname="tests.backend_test.TestAdminProtection" name="test_admin_products_unauth" time="0.140" /><testcase classname="tests.backend_test.TestAdminProtection" name="test_admin_stats_unauth" time="0.140" /></testsuite></testsuites>