<?xml version="1.0" encoding="utf-8"?><testsuites name="pytest tests"><testsuite name="pytest" errors="0" failures="0" skipped="0" tests="19" time="3.220" timestamp="2026-09-17T07:23:45.634013+00:00" hostname="agent-env-10b370e5-e4f5-4fe4-a096-28304a545db8"><testcase classname="tests.test_skbike_flows.TestPublic" name="test_config" time="0.157" /><testcase classname="tests.test_skbike_flows.TestPublic" name="test_products_list" time="0.131" /><testcase classname="tests.test_skbike_flows.TestAuth" name="test_login_bad_pw" time="0.339" /><testcase classname="tests.test_skbike_flows.TestAuth" name="test_me" time="0.463" /><testcase classname="tests.test_skbike_flows.TestAuth" name="test_admin_stats_unauth" time="0.110" /><testcase classname="tests.test_skbike_flows.TestAuth" name="test_admin_stats" time="0.117" /><testcase classname="tests.test_skbike_flows.TestPins" name="test_verify_produk_correct" time="0.111" /><testcase classname="tests.test_skbike_flows.TestPins" name="test_verify_produk_wrong" time="0.141" /><testcase classname="tests.test_skbike_flows.TestPins" name="test_verify_kasir_correct" time="0.130" /><testcase classname="tests.test_skbike_flows.TestPins" name="test_verify_bad_scope" time="0.115" /><testcase classname="tests.test_skbike_flows.TestPOS" name="test_pos_checkout_math" time="0.288" /><testcase classname="tests.test_skbike_flows.TestPOS" name="test_pos_empty_cart" time="0.110" /><testcase classname="tests.test_skbike_flows.TestPOS" name="test_pos_with_discount" time="0.161" /><testcase classname="tests.test_skbike_flows.TestAttendance" name="test_create_employee" time="0.116" /><testcase classname="tests.test_skbike_flows.TestAttendance" name="test_mark_hadir" time="0.133" /><testcase classname="tests.test_skbike_flows.TestAttendance" name="test_mark_izin" time="0.137" /><testcase classname="tests.test_skbike_flows.TestAttendance" name="test_mark_invalid_status" time="0.151" /><testcase classname="tests.test_skbike_flows.TestAttendance" name="test_list_attendance" time="0.115" /><testcase classname="tests.test_skbike_flows.TestAttendance" name="test_delete_employee" time="0.112" /></testsuite></testsuites>